<?xml version="1.0" encoding="UTF-8"?>
<!-- Generated by org.testng.reporters.JUnitReportReporter -->
<testsuite hostname="LAPTOP-CESQ05LJ" failures="0" tests="1" name="com.obsqura.TestNGProject.AnnotationSample" time="0.006" errors="0" timestamp="2022-11-21T19:38:51 IST" skipped="0">
  <testcase classname="com.obsqura.TestNGProject.AnnotationSample" name="test" time="0.006"/>
  <system-out/>
</testsuite> <!-- com.obsqura.TestNGProject.AnnotationSample -->
