<?xml version="1.0" encoding="UTF-8"?>
<!-- Generated by org.testng.reporters.JUnitReportReporter -->
<testsuite hostname="LAPTOP-CESQ05LJ" failures="0" tests="1" name="com.obsqura.TestNGProject.CheckBoxDemo" time="6.006" errors="0" timestamp="2022-11-29T21:23:41 IST" skipped="0">
  <testcase classname="com.obsqura.TestNGProject.CheckBoxDemo" name="singleCheckBox" time="6.006"/>
  <system-out/>
</testsuite> <!-- com.obsqura.TestNGProject.CheckBoxDemo -->
