<?xml version="1.0" encoding="UTF-8"?>
<!-- Generated by org.testng.reporters.JUnitReportReporter -->
<testsuite hostname="LAPTOP-CESQ05LJ" failures="0" tests="1" name="com.obsqura.TestNGProject.RadioButtonDemo" time="4.811" errors="0" timestamp="2022-11-29T17:22:16 IST" skipped="0">
  <testcase classname="com.obsqura.TestNGProject.RadioButtonDemo" name="maleRadioButton" time="4.811"/>
  <system-out/>
</testsuite> <!-- com.obsqura.TestNGProject.RadioButtonDemo -->
