<?xml version="1.0" encoding="UTF-8"?>
<!-- Generated by org.testng.reporters.JUnitReportReporter -->
<testsuite hostname="LAPTOP-CESQ05LJ" failures="0" tests="1" name="com.obsqura.TestNGProject.BasicCommandsOB" time="5.141" errors="0" timestamp="2022-11-29T14:41:54 IST" skipped="0">
  <testcase classname="com.obsqura.TestNGProject.BasicCommandsOB" name="List" time="5.141"/>
  <system-out/>
</testsuite> <!-- com.obsqura.TestNGProject.BasicCommandsOB -->
