<?xml version="1.0" encoding="UTF-8"?>
<!-- Generated by org.testng.reporters.JUnitReportReporter -->
<testsuite hostname="LAPTOP-CESQ05LJ" failures="0" tests="1" name="com.obsqura.TestNGProject.Locators" time="4.189" errors="0" timestamp="2022-11-22T21:17:57 IST" skipped="0">
  <testcase classname="com.obsqura.TestNGProject.Locators" name="xPathText" time="4.189"/>
  <system-out/>
</testsuite> <!-- com.obsqura.TestNGProject.Locators -->
