<?xml version="1.0" encoding="UTF-8"?>
<!-- Generated by org.testng.reporters.JUnitReportReporter -->
<testsuite hostname="LAPTOP-CESQ05LJ" failures="0" tests="7" name="com.obsqura.TestNGProject.Locators" time="3.731" errors="0" timestamp="2022-11-19T11:03:28 IST" skipped="0">
  <testcase classname="com.obsqura.TestNGProject.Locators" name="xpathIndex" time="0.041"/>
  <system-out/>
  <testcase classname="com.obsqura.TestNGProject.Locators" name="nameLocator" time="0.065"/>
  <system-out/>
  <testcase classname="com.obsqura.TestNGProject.Locators" name="idLocator" time="3.260"/>
  <system-out/>
  <testcase classname="com.obsqura.TestNGProject.Locators" name="cssSelector" time="0.020"/>
  <system-out/>
  <testcase classname="com.obsqura.TestNGProject.Locators" name="xmlPath" time="0.065"/>
  <system-out/>
  <testcase classname="com.obsqura.TestNGProject.Locators" name="cssClass" time="0.039"/>
  <system-out/>
  <testcase classname="com.obsqura.TestNGProject.Locators" name="cssAttribute" time="0.241"/>
  <system-out/>
</testsuite> <!-- com.obsqura.TestNGProject.Locators -->
