<?xml version="1.0" encoding="UTF-8"?>
<!-- Generated by org.testng.reporters.JUnitReportReporter -->
<testsuite hostname="LAPTOP-CESQ05LJ" failures="0" tests="1" name="com.obsqura.TestNGProject.Sum" time="4.347" errors="0" timestamp="2022-11-21T17:49:33 IST" skipped="0">
  <testcase classname="com.obsqura.TestNGProject.Sum" name="singleInputFileVerification2" time="4.347"/>
  <system-out/>
</testsuite> <!-- com.obsqura.TestNGProject.Sum -->
