<?xml version="1.0" encoding="UTF-8"?>
<!-- Generated by org.testng.reporters.JUnitReportReporter -->
<testsuite hostname="LAPTOP-CESQ05LJ" failures="0" tests="1" name="com.obsqura.TestNGProject.CheckBoxDemo" time="20.879" errors="0" timestamp="2022-12-01T18:31:02 IST" skipped="0">
  <testcase classname="com.obsqura.TestNGProject.CheckBoxDemo" name="multipleCheckBoxSelect2" time="20.879"/>
  <system-out/>
</testsuite> <!-- com.obsqura.TestNGProject.CheckBoxDemo -->
