<?xml version="1.0" encoding="UTF-8"?>
<!-- Generated by org.testng.reporters.JUnitReportReporter -->
<testsuite hostname="LAPTOP-CESQ05LJ" failures="0" tests="1" name="com.obsqura.TestNGProject.BasicCommandsOB" time="20.680" errors="0" timestamp="2022-11-29T15:08:49 IST" skipped="0">
  <testcase classname="com.obsqura.TestNGProject.BasicCommandsOB" name="getLocation" time="20.680"/>
  <system-out/>
</testsuite> <!-- com.obsqura.TestNGProject.BasicCommandsOB -->
