<?xml version="1.0" encoding="UTF-8"?>
<!-- Generated by org.testng.reporters.JUnitReportReporter -->
<testsuite hostname="LAPTOP-CESQ05LJ" failures="0" tests="2" name="com.obsqura.TestNGProject.Locatorsss" time="0.119" errors="0" timestamp="2022-11-20T21:29:37 IST" skipped="0">
  <testcase classname="com.obsqura.TestNGProject.Locatorsss" name="idLocator" time="0.065"/>
  <system-out/>
  <testcase classname="com.obsqura.TestNGProject.Locatorsss" name="nameLocator" time="0.054"/>
  <system-out/>
</testsuite> <!-- com.obsqura.TestNGProject.Locatorsss -->
