<?xml version="1.0" encoding="UTF-8"?>
<!-- Generated by org.testng.reporters.JUnitReportReporter -->
<testsuite hostname="LAPTOP-CESQ05LJ" failures="0" tests="1" name="com.obsqura.TestNGProject.TestScript" time="0.051" errors="0" timestamp="2022-11-17T19:00:09 IST" skipped="0">
  <testcase classname="com.obsqura.TestNGProject.TestScript" name="softAssetSample" time="0.051"/>
  <system-out/>
</testsuite> <!-- com.obsqura.TestNGProject.TestScript -->
