<?xml version="1.0" encoding="UTF-8"?>
<!-- Generated by org.testng.reporters.JUnitReportReporter -->
<testsuite hostname="LAPTOP-CESQ05LJ" failures="0" tests="2" name="com.obsqura.TestNGProject.XPath" time="0.479" errors="0" timestamp="2022-11-21T11:20:58 IST" skipped="0">
  <testcase classname="com.obsqura.TestNGProject.XPath" name="xpathLocator" time="0.189"/>
  <system-out/>
  <testcase classname="com.obsqura.TestNGProject.XPath" name="indexPath" time="0.290"/>
  <system-out/>
</testsuite> <!-- com.obsqura.TestNGProject.XPath -->
