<?xml version="1.0" encoding="UTF-8"?>
<!-- Generated by org.testng.reporters.JUnitReportReporter -->
<testsuite hostname="LAPTOP-CESQ05LJ" failures="0" tests="1" name="com.obsqura.TestNGProject.selectClass" time="9.609" errors="0" timestamp="2022-12-01T16:45:57 IST" skipped="0">
  <testcase classname="com.obsqura.TestNGProject.selectClass" name="visibleText" time="9.609"/>
  <system-out/>
</testsuite> <!-- com.obsqura.TestNGProject.selectClass -->
