<?xml version="1.0" encoding="UTF-8"?>
<!-- Generated by org.testng.reporters.JUnitReportReporter -->
<testsuite hostname="LAPTOP-CESQ05LJ" failures="0" tests="1" name="com.obsqura.TestNGProject.guruRadioButton" time="5.906" errors="0" timestamp="2022-11-30T19:31:52 IST" skipped="0">
  <testcase classname="com.obsqura.TestNGProject.guruRadioButton" name="guruRadioButton" time="5.906"/>
  <system-out/>
</testsuite> <!-- com.obsqura.TestNGProject.guruRadioButton -->
