<?xml version="1.0" encoding="UTF-8"?>
<!-- Generated by org.testng.reporters.JUnitReportReporter -->
<testsuite hostname="LAPTOP-CESQ05LJ" failures="0" tests="1" name="com.obsqura.TestNGProject.RadioButtonDemo" time="5.811" errors="0" timestamp="2022-11-29T14:02:26 IST" skipped="0">
  <testcase classname="com.obsqura.TestNGProject.RadioButtonDemo" name="femaleRadioButton" time="5.811"/>
  <system-out/>
</testsuite> <!-- com.obsqura.TestNGProject.RadioButtonDemo -->
