<?xml version="1.0" encoding="UTF-8"?>
<!-- Generated by org.testng.reporters.JUnitReportReporter -->
<testsuite hostname="LAPTOP-CESQ05LJ" failures="0" tests="1" name="com.obsqura.TestNGProject.RadioButtonDemo" time="4.408" errors="0" timestamp="2022-11-30T19:35:35 IST" skipped="0">
  <testcase classname="com.obsqura.TestNGProject.RadioButtonDemo" name="malePatientGenderAge" time="4.408"/>
  <system-out/>
</testsuite> <!-- com.obsqura.TestNGProject.RadioButtonDemo -->
