<?xml version="1.0" encoding="UTF-8"?>
<!-- Generated by org.testng.reporters.JUnitReportReporter -->
<testsuite hostname="LAPTOP-CESQ05LJ" failures="0" tests="5" name="com.obsqura.testscripts.InventoryTest" time="56.756" errors="0" timestamp="2023-02-01T18:26:07 IST" skipped="0">
  <testcase classname="com.obsqura.testscripts.InventoryTest" name="verifyUserIsAbleToNavigateToNextPageOnClickingNextOption" time="12.038"/>
  <system-out/>
  <testcase classname="com.obsqura.testscripts.InventoryTest" name="verifyrowCountWithSameName" time="11.551"/>
  <system-out/>
  <testcase classname="com.obsqura.testscripts.InventoryTest" name="verifyuserIsAbleToEditInventoryProduct" time="8.924"/>
  <system-out/>
  <testcase classname="com.obsqura.testscripts.InventoryTest" name="verifyAddInventoryProduct" time="13.200"/>
  <system-out/>
  <testcase classname="com.obsqura.testscripts.InventoryTest" name="verifyExportFileWithoutSelectingProduct" time="11.043"/>
  <system-out/>
</testsuite> <!-- com.obsqura.testscripts.InventoryTest -->
