<?xml version="1.0" encoding="UTF-8"?>
<!-- Generated by org.testng.reporters.JUnitReportReporter -->
<testsuite hostname="LAPTOP-CESQ05LJ" failures="0" tests="1" name="com.obsqura.testscripts.QuickSMSTest" time="8.899" errors="0" timestamp="2023-01-10T16:24:09 IST" skipped="0">
  <testcase classname="com.obsqura.testscripts.QuickSMSTest" name="verifyThatWeCanSentQuickSMS" time="8.899"/>
  <system-out/>
</testsuite> <!-- com.obsqura.testscripts.QuickSMSTest -->
