<?xml version="1.0" encoding="UTF-8"?>
<!-- Generated by org.testng.reporters.JUnitReportReporter -->
<testsuite hostname="LAPTOP-CESQ05LJ" failures="0" tests="8" name="com.obsqura.testscripts.HomeTest" time="73.616" errors="0" timestamp="2023-01-31T01:48:24 IST" skipped="0">
  <testcase classname="com.obsqura.testscripts.HomeTest" name="verifyThatUserIsAbleToNavigateToQualityAlertPage" time="9.984"/>
  <system-out/>
  <testcase classname="com.obsqura.testscripts.HomeTest" name="verifyQuickEmailFieldWithoutEmail" time="7.982"/>
  <system-out/>
  <testcase classname="com.obsqura.testscripts.HomeTest" name="verifyQuickSMSFieldWithoutMsg" time="7.833"/>
  <system-out/>
  <testcase classname="com.obsqura.testscripts.HomeTest" name="verifyUserIsAbleTNavigateToInventoryPage" time="8.850"/>
  <system-out/>
  <testcase classname="com.obsqura.testscripts.HomeTest" name="verifyQuickEmailFieldWithoutMsg" time="8.043"/>
  <system-out/>
  <testcase classname="com.obsqura.testscripts.HomeTest" name="verifyQuickEmailFieldWithoutSubject" time="8.118"/>
  <system-out/>
  <testcase classname="com.obsqura.testscripts.HomeTest" name="verifyUserIsAbleTNavigateToReparationPage" time="11.844"/>
  <system-out/>
  <testcase classname="com.obsqura.testscripts.HomeTest" name="verifyUserIsAbleTNavigateToClientPage" time="10.962"/>
  <system-out/>
</testsuite> <!-- com.obsqura.testscripts.HomeTest -->
