<?xml version="1.0" encoding="UTF-8"?>
<!-- Generated by org.testng.reporters.JUnitReportReporter -->
<testsuite hostname="LAPTOP-CESQ05LJ" failures="0" tests="1" name="com.obsqura.testscripts.InventoryTest" time="13.696" errors="0" timestamp="2023-01-26T16:28:55 IST" skipped="0">
  <testcase classname="com.obsqura.testscripts.InventoryTest" name="verifyuserIsAbleToEditInventoryProduct" time="13.696"/>
  <system-out/>
</testsuite> <!-- com.obsqura.testscripts.InventoryTest -->
