<?xml version="1.0" encoding="UTF-8"?>
<!-- Generated by org.testng.reporters.JUnitReportReporter -->
<testsuite hostname="LAPTOP-CESQ05LJ" failures="0" tests="1" name="com.obsqura.testscripts.ClientTest" time="15.003" errors="0" timestamp="2023-01-16T22:56:01 IST" skipped="0">
  <testcase classname="com.obsqura.testscripts.ClientTest" name="verifyClientDetailsExportToPdfFile" time="15.003"/>
  <system-out/>
</testsuite> <!-- com.obsqura.testscripts.ClientTest -->
