<?xml version="1.0" encoding="UTF-8"?>
<!-- Generated by org.testng.reporters.JUnitReportReporter -->
<testsuite hostname="LAPTOP-CESQ05LJ" failures="0" tests="1" name="com.obsqura.ServiceApp.BaseTest" time="6.428" errors="0" timestamp="2023-01-10T11:29:22 IST" skipped="0">
  <testcase classname="com.obsqura.ServiceApp.BaseTest" name="initializingTheBrowser" time="6.428"/>
  <system-out/>
</testsuite> <!-- com.obsqura.ServiceApp.BaseTest -->
