<?xml version="1.0" encoding="UTF-8"?>
<!-- Generated by org.testng.reporters.JUnitReportReporter -->
<testsuite hostname="LAPTOP-CESQ05LJ" failures="0" tests="7" name="com.obsqura.testscripts.ReparationTest" time="103.636" errors="0" timestamp="2023-02-01T18:26:07 IST" skipped="0">
  <testcase classname="com.obsqura.testscripts.ReparationTest" name="verifyCorrectNumberOfRowsAreShownOnSelectingShowButton" time="14.330"/>
  <system-out/>
  <testcase classname="com.obsqura.testscripts.ReparationTest" name="verifyThatauserIsAbleTodownloadReparationExcelSheet" time="12.720"/>
  <system-out/>
  <testcase classname="com.obsqura.testscripts.ReparationTest" name="verifycolumnVisibility" time="21.728"/>
  <system-out/>
  <testcase classname="com.obsqura.testscripts.ReparationTest" name="verifyRowCountWithSameName" time="12.671"/>
  <system-out/>
  <testcase classname="com.obsqura.testscripts.ReparationTest" name="verifyTotalCompletedRepairRows" time="13.308"/>
  <system-out/>
  <testcase classname="com.obsqura.testscripts.ReparationTest" name="verifycolumnNumber" time="14.354"/>
  <system-out/>
  <testcase classname="com.obsqura.testscripts.ReparationTest" name="rowNumberInShowButtonVerificationForPendingRepairs" time="14.525"/>
  <system-out/>
</testsuite> <!-- com.obsqura.testscripts.ReparationTest -->
