<?xml version="1.0" encoding="UTF-8"?>
<!-- Generated by org.testng.reporters.JUnitReportReporter -->
<testsuite hostname="LAPTOP-CESQ05LJ" failures="0" tests="4" name="com.obsqura.testscripts.ClientTest" time="50.661" errors="0" timestamp="2023-01-31T01:48:24 IST" skipped="0">
  <testcase classname="com.obsqura.testscripts.ClientTest" name="verifyingShowButtonGivesCorrectNumberOfRows" time="13.333"/>
  <system-out/>
  <testcase classname="com.obsqura.testscripts.ClientTest" name="verifyThatUserIsAbleToAddClient" time="13.416"/>
  <system-out/>
  <testcase classname="com.obsqura.testscripts.ClientTest" name="vrifyUserIsAbleToNavigateToNextPageOnClickingNextOptionVerification" time="11.707"/>
  <system-out/>
  <testcase classname="com.obsqura.testscripts.ClientTest" name="verifyUserIsableToAddClientDetailsWithoutClientName" time="12.205"/>
  <system-out/>
</testsuite> <!-- com.obsqura.testscripts.ClientTest -->
