<?xml version="1.0" encoding="UTF-8"?>
<!-- Generated by org.testng.reporters.JUnitReportReporter -->
<testsuite hostname="LAPTOP-CESQ05LJ" failures="0" tests="1" name="com.obsqura.testscripts.LoginAccountTest" time="10.339" errors="0" timestamp="2023-01-25T12:17:36 IST" skipped="0">
  <testcase classname="com.obsqura.testscripts.LoginAccountTest" name="verifyUserIsAbleToLogOut" time="10.339"/>
  <system-out/>
</testsuite> <!-- com.obsqura.testscripts.LoginAccountTest -->
