<?xml version="1.0" encoding="UTF-8"?>
<!-- Generated by org.testng.reporters.JUnitReportReporter -->
<testsuite hostname="LAPTOP-CESQ05LJ" failures="0" tests="1" name="com.obsqura.testscripts.LoginAccountTest" time="10.517" errors="0" timestamp="2023-01-18T20:13:31 IST" skipped="0">
  <testcase classname="com.obsqura.testscripts.LoginAccountTest" name="verifyUserIsAbleToLogin" time="10.517"/>
  <system-out/>
</testsuite> <!-- com.obsqura.testscripts.LoginAccountTest -->
