<?xml version="1.0" encoding="UTF-8"?>
<!-- Generated by org.testng.reporters.JUnitReportReporter -->
<testsuite hostname="LAPTOP-CESQ05LJ" failures="0" tests="1" name="com.obsqura.testscripts.InventoryTest" time="13.513" errors="0" timestamp="2023-01-16T12:15:20 IST" skipped="0">
  <testcase classname="com.obsqura.testscripts.InventoryTest" name="verifyDelectingInventory" time="13.513"/>
  <system-out/>
</testsuite> <!-- com.obsqura.testscripts.InventoryTest -->
