<?xml version="1.0" encoding="UTF-8"?>
<!-- Generated by org.testng.reporters.JUnitReportReporter -->
<testsuite hostname="LAPTOP-CESQ05LJ" failures="0" tests="8" name="com.obsqura.testscripts.HomeTest" time="72.084" errors="0" timestamp="2023-02-01T18:26:07 IST" skipped="0">
  <testcase classname="com.obsqura.testscripts.HomeTest" name="verifyQuickEmailFieldWithoutMsg" time="7.943"/>
  <system-out/>
  <testcase classname="com.obsqura.testscripts.HomeTest" name="verifyQuickSMSFieldWithoutMsg" time="7.981"/>
  <system-out/>
  <testcase classname="com.obsqura.testscripts.HomeTest" name="verifyThatUserIsAbleToNavigateToQualityAlertPage" time="9.883"/>
  <system-out/>
  <testcase classname="com.obsqura.testscripts.HomeTest" name="verifyUserIsAbleTNavigateToClientPage" time="10.684"/>
  <system-out/>
  <testcase classname="com.obsqura.testscripts.HomeTest" name="verifyUserIsAbleTNavigateToInventoryPage" time="9.047"/>
  <system-out/>
  <testcase classname="com.obsqura.testscripts.HomeTest" name="verifyQuickEmailFieldWithoutSubject" time="7.996"/>
  <system-out/>
  <testcase classname="com.obsqura.testscripts.HomeTest" name="verifyUserIsAbleTNavigateToReparationPage" time="10.781"/>
  <system-out/>
  <testcase classname="com.obsqura.testscripts.HomeTest" name="verifyQuickEmailFieldWithoutEmail" time="7.769"/>
  <system-out/>
</testsuite> <!-- com.obsqura.testscripts.HomeTest -->
