<?xml version="1.0" encoding="UTF-8"?>
<!-- Generated by org.testng.reporters.JUnitReportReporter -->
<testsuite hostname="LAPTOP-CESQ05LJ" failures="0" tests="1" name="com.obsqura.testscripts.ExportClientDataToExcelTest" time="12.151" errors="0" timestamp="2023-01-10T18:56:30 IST" skipped="0">
  <testcase classname="com.obsqura.testscripts.ExportClientDataToExcelTest" name="verifyThatUserIsAbleToExportClientDataToExcel" time="12.151"/>
  <system-out/>
</testsuite> <!-- com.obsqura.testscripts.ExportClientDataToExcelTest -->
