<?xml version="1.0" encoding="UTF-8"?>
<!-- Generated by org.testng.reporters.JUnitReportReporter -->
<testsuite hostname="LAPTOP-CESQ05LJ" failures="0" tests="1" name="com.obsqura.testscripts.HomeTest" time="13.256" errors="0" timestamp="2023-01-19T14:09:48 IST" skipped="0">
  <testcase classname="com.obsqura.testscripts.HomeTest" name="verifyThatWeCanSentQuickSMS" time="13.256"/>
  <system-out/>
</testsuite> <!-- com.obsqura.testscripts.HomeTest -->
