<?xml version="1.0" encoding="UTF-8"?>
<!-- Generated by org.testng.reporters.JUnitReportReporter -->
<testsuite hostname="LAPTOP-CESQ05LJ" failures="0" tests="1" name="com.obsqura.testscripts.ClientTest" time="11.892" errors="0" timestamp="2023-01-23T12:02:25 IST" skipped="0">
  <testcase classname="com.obsqura.testscripts.ClientTest" name="vrifyUserIsAbleToNavigateToNextPageOnClickingNextOptionVerification" time="11.892"/>
  <system-out/>
</testsuite> <!-- com.obsqura.testscripts.ClientTest -->
