<?xml version="1.0" encoding="UTF-8"?>
<!-- Generated by org.testng.reporters.JUnitReportReporter -->
<testsuite hostname="LAPTOP-CESQ05LJ" failures="0" tests="4" name="com.obsqura.testscripts.ClientTest" time="48.684" errors="0" timestamp="2023-02-01T18:26:07 IST" skipped="0">
  <testcase classname="com.obsqura.testscripts.ClientTest" name="verifyThatUserIsAbleToAddClient" time="13.593"/>
  <system-out/>
  <testcase classname="com.obsqura.testscripts.ClientTest" name="verifyUserIsableToAddClientDetailsWithoutClientName" time="11.373"/>
  <system-out/>
  <testcase classname="com.obsqura.testscripts.ClientTest" name="verifyingShowButtonGivesCorrectNumberOfRows" time="13.169"/>
  <system-out/>
  <testcase classname="com.obsqura.testscripts.ClientTest" name="vrifyUserIsAbleToNavigateToNextPageOnClickingNextOptionVerification" time="10.549"/>
  <system-out/>
</testsuite> <!-- com.obsqura.testscripts.ClientTest -->
