<?xml version="1.0" encoding="UTF-8"?>
<!-- Generated by org.testng.reporters.JUnitReportReporter -->
<testsuite hostname="LAPTOP-CESQ05LJ" failures="0" tests="6" name="com.obsqura.testscripts.LoginAccountTest" time="43.090" errors="0" timestamp="2023-01-31T01:48:24 IST" skipped="0">
  <testcase classname="com.obsqura.testscripts.LoginAccountTest" name="verifyUserIsAbleToLogin" time="8.395"/>
  <system-out/>
  <testcase classname="com.obsqura.testscripts.LoginAccountTest" name="verifyLoginWithWrongPassword" time="7.528"/>
  <system-out/>
  <testcase classname="com.obsqura.testscripts.LoginAccountTest" name="verifyLoginWithWrongUsername" time="6.270"/>
  <system-out/>
  <testcase classname="com.obsqura.testscripts.LoginAccountTest" name="verifyForgotPassword" time="6.465"/>
  <system-out/>
  <testcase classname="com.obsqura.testscripts.LoginAccountTest" name="verifyBackToLogin" time="5.598"/>
  <system-out/>
  <testcase classname="com.obsqura.testscripts.LoginAccountTest" name="verifyUserIsAbleToLogOut" time="8.834"/>
  <system-out/>
</testsuite> <!-- com.obsqura.testscripts.LoginAccountTest -->
