<?xml version="1.0" encoding="UTF-8"?>
<!-- Generated by org.testng.reporters.JUnitReportReporter -->
<testsuite hostname="LAPTOP-CESQ05LJ" failures="0" tests="5" name="com.obsqura.testscripts.InventoryTest" time="56.906" errors="0" timestamp="2023-01-31T01:48:24 IST" skipped="0">
  <testcase classname="com.obsqura.testscripts.InventoryTest" name="verifyAddInventoryProduct" time="13.017"/>
  <system-out/>
  <testcase classname="com.obsqura.testscripts.InventoryTest" name="verifyExportFileWithoutSelectingProduct" time="10.256"/>
  <system-out/>
  <testcase classname="com.obsqura.testscripts.InventoryTest" name="verifyuserIsAbleToEditInventoryProduct" time="8.773"/>
  <system-out/>
  <testcase classname="com.obsqura.testscripts.InventoryTest" name="verifyUserIsAbleToNavigateToNextPageOnClickingNextOption" time="13.163"/>
  <system-out/>
  <testcase classname="com.obsqura.testscripts.InventoryTest" name="verifyrowCountWithSameName" time="11.697"/>
  <system-out/>
</testsuite> <!-- com.obsqura.testscripts.InventoryTest -->
