<?xml version="1.0" encoding="UTF-8"?>
<!-- Generated by org.testng.reporters.JUnitReportReporter -->
<testsuite hostname="LAPTOP-CESQ05LJ" failures="0" tests="6" name="com.obsqura.testscripts.LoginAccountTest" time="44.492" errors="0" timestamp="2023-02-01T18:26:07 IST" skipped="0">
  <testcase classname="com.obsqura.testscripts.LoginAccountTest" name="verifyUserIsAbleToLogin" time="7.706"/>
  <system-out/>
  <testcase classname="com.obsqura.testscripts.LoginAccountTest" name="verifyLoginWithWrongPassword" time="6.445"/>
  <system-out/>
  <testcase classname="com.obsqura.testscripts.LoginAccountTest" name="verifyLoginWithWrongUsername" time="8.075"/>
  <system-out/>
  <testcase classname="com.obsqura.testscripts.LoginAccountTest" name="verifyForgotPassword" time="6.828"/>
  <system-out/>
  <testcase classname="com.obsqura.testscripts.LoginAccountTest" name="verifyBackToLogin" time="5.976"/>
  <system-out/>
  <testcase classname="com.obsqura.testscripts.LoginAccountTest" name="verifyUserIsAbleToLogOut" time="9.462"/>
  <system-out/>
</testsuite> <!-- com.obsqura.testscripts.LoginAccountTest -->
