<?xml version="1.0" encoding="UTF-8"?>
<!-- Generated by org.testng.reporters.JUnitReportReporter -->
<testsuite hostname="LAPTOP-CESQ05LJ" failures="0" tests="1" name="com.obsqura.testscripts.SimpleFormDemoTest" time="5.445" errors="0" timestamp="2022-12-07T12:01:11 IST" skipped="0">
  <testcase classname="com.obsqura.testscripts.SimpleFormDemoTest" name="enterMessageandVerifymultipleInputField" time="5.445"/>
  <system-out/>
</testsuite> <!-- com.obsqura.testscripts.SimpleFormDemoTest -->
