<?xml version="1.0" encoding="UTF-8"?>
<!-- Generated by org.testng.reporters.JUnitReportReporter -->
<testsuite hostname="LAPTOP-CESQ05LJ" failures="0" tests="1" name="com.obsqura.testscripts.CheckBoxDemoTest" time="4.792" errors="0" timestamp="2022-12-07T13:07:08 IST" skipped="0">
  <testcase classname="com.obsqura.testscripts.CheckBoxDemoTest" name="verifyMultipleCheckBox" time="4.792"/>
  <system-out/>
</testsuite> <!-- com.obsqura.testscripts.CheckBoxDemoTest -->
