<?xml version="1.0" encoding="UTF-8"?>
<!-- Generated by org.testng.reporters.JUnitReportReporter -->
<testsuite hostname="LAPTOP-CESQ05LJ" failures="0" tests="1" name="com.obsqura.testscripts.selectInputDemoTest" time="5.447" errors="0" timestamp="2022-12-07T19:03:20 IST" skipped="0">
  <testcase classname="com.obsqura.testscripts.selectInputDemoTest" name="verifyTwoInputFieldColorAndGetMsg" time="5.447"/>
  <system-out/>
</testsuite> <!-- com.obsqura.testscripts.selectInputDemoTest -->
