<?xml version="1.0" encoding="UTF-8"?>
<!-- Generated by org.testng.reporters.JUnitReportReporter -->
<testsuite hostname="LAPTOP-CESQ05LJ" failures="0" tests="1" name="com.obsqura.testscripts.TablePageTest" time="4.894" errors="0" timestamp="2022-12-21T20:13:08 IST" skipped="0">
  <testcase classname="com.obsqura.testscripts.TablePageTest" name="verifyTableDemo" time="4.894"/>
  <system-out/>
</testsuite> <!-- com.obsqura.testscripts.TablePageTest -->
