<?xml version="1.0" encoding="UTF-8"?>
<!-- Generated by org.testng.reporters.JUnitReportReporter -->
<testsuite hostname="LAPTOP-CESQ05LJ" failures="0" tests="1" name="com.obsqura.testscripts.ActionClassDemoTest" time="16.911" errors="0" timestamp="2022-12-23T19:44:35 IST" skipped="0">
  <testcase classname="com.obsqura.testscripts.ActionClassDemoTest" name="actionClassDemoSample" time="16.911"/>
  <system-out/>
</testsuite> <!-- com.obsqura.testscripts.ActionClassDemoTest -->
