<?xml version="1.0" encoding="UTF-8"?>
<!-- Generated by org.testng.reporters.JUnitReportReporter -->
<testsuite hostname="LAPTOP-CESQ05LJ" failures="0" tests="1" name="com.obsqura.testscripts.SimpleFormDemoTest" time="20.518" errors="0" timestamp="2022-12-20T19:16:32 IST" skipped="0">
  <testcase classname="com.obsqura.testscripts.SimpleFormDemoTest" name="enterMessageAndVerifyMultipleInputField" time="20.518"/>
  <system-out/>
</testsuite> <!-- com.obsqura.testscripts.SimpleFormDemoTest -->
