<?xml version="1.0" encoding="UTF-8"?>
<!-- Generated by org.testng.reporters.JUnitReportReporter -->
<testsuite hostname="LAPTOP-CESQ05LJ" failures="0" tests="1" name="com.obsqura.testscripts.RadioButtonDemoTest" time="6.127" errors="0" timestamp="2022-12-20T17:18:37 IST" skipped="0">
  <testcase classname="com.obsqura.testscripts.RadioButtonDemoTest" name="verifyRadioButtonSelectedAndGetTheMsg" time="6.127"/>
  <system-out/>
</testsuite> <!-- com.obsqura.testscripts.RadioButtonDemoTest -->
