<?xml version="1.0" encoding="UTF-8"?>
<!-- Generated by org.testng.reporters.JUnitReportReporter -->
<testsuite hostname="LAPTOP-CESQ05LJ" failures="0" tests="1" name="com.obsqura.testscripts.JavaScriptExecuterDemoTest" time="6.119" errors="0" timestamp="2023-01-02T14:23:10 IST" skipped="0">
  <testcase classname="com.obsqura.testscripts.JavaScriptExecuterDemoTest" name="javaScriptExecters" time="6.119"/>
  <system-out/>
</testsuite> <!-- com.obsqura.testscripts.JavaScriptExecuterDemoTest -->
